scons: Reading SConscript files ...
Warning: Your compiler doesn't support incremental linking and lto at the same
         time, so lto is being disabled. To force lto on anyway, use the
         --force-lto option. That will disable partial linking.
Info: Using Python config: python3-config
Checking for C header file Python.h... (cached) yes
Checking for C library python3.8... (cached) yes
Checking for C library crypt... (cached) yes
Checking for C library pthread... (cached) yes
Checking for C library dl... (cached) yes
Checking for C library util... (cached) yes
Checking for C library m... (cached) yes
Checking for accept(0,0,0) in C++ library None... (cached) yes
Checking for zlibVersion() in C++ library z... (cached) yes
Checking for GOOGLE_PROTOBUF_VERIFY_VERSION in C++ library protobuf... (cached) yes
Checking for C header file valgrind/valgrind.h... (cached) no
Checking for clock_nanosleep(0,0,NULL,NULL) in C library None... (cached) yes
Checking for timer_create(CLOCK_MONOTONIC, NULL, NULL) in C library None... (cached) no
Checking for timer_create(CLOCK_MONOTONIC, NULL, NULL) in C library rt... (cached) yes
Checking for C library tcmalloc... (cached) yes
Checking for char temp; backtrace_symbols_fd((void*)&temp, 0, 0) in C library None... (cached) yes
Checking for C header file fenv.h... (cached) yes
Checking for C header file png.h... (cached) yes
Checking for C header file linux/kvm.h... (cached) yes
Checking for C header file linux/if_tun.h... (cached) yes
Checking size of struct kvm_xsave ... (cached) yes
Checking for member exclude_host in struct perf_event_attr...(cached) yes
Checking for hdf5-serial using pkg-config...Package hdf5-serial was not found in the pkg-config search path.
Perhaps you should add the directory containing `hdf5-serial.pc'
to the PKG_CONFIG_PATH environment variable
No package 'hdf5-serial' found
 no
Checking for hdf5 using pkg-config...Package hdf5 was not found in the pkg-config search path.
Perhaps you should add the directory containing `hdf5.pc'
to the PKG_CONFIG_PATH environment variable
No package 'hdf5' found
 no
Checking for H5Fcreate("", 0, 0, 0) in C library hdf5... (cached) no
Warning: Couldn't find any HDF5 C++ libraries. Disabling
         HDF5 support.
Checking whether __i386__ is declared... (cached) no
Checking whether __x86_64__ is declared... (cached) yes
Building in /data/home/vamarnan/450_Project/build/X86
Using saved variables file /data/home/vamarnan/450_Project/build/variables/X86
scons: done reading SConscript files.
scons: Building targets ...
 [     CXX] X86/mem/ruby/protocol/DMA_Controller.cc -> .o
 [     CXX] X86/mem/ruby/protocol/DMA_Wakeup.cc -> .o
 [     CXX] X86/mem/ruby/protocol/Directory_Controller.cc -> .o
 [     CXX] X86/mem/ruby/protocol/Directory_Wakeup.cc -> .o
 [     CXX] X86/mem/ruby/protocol/L1Cache_Controller.cc -> .o
 [     CXX] X86/mem/ruby/protocol/L1Cache_Wakeup.cc -> .o
 [     CXX] X86/cpu/pred/perceptron.cc -> .o
 [VER TAGS]  -> X86/sim/tags.cc
 [     CXX] X86/sim/tags.cc -> .o
 [    LINK]  -> X86/sim/lib.o.partial
build/X86/cpu/pred/perceptron.cc: In member function 'virtual bool PerceptronBP::lookup(ThreadID, Addr, void*&)':
build/X86/cpu/pred/perceptron.cc:126:76: warning: suggest parentheses around '-' inside '>>' [-Wparentheses]
  126 |         if (((globalHistoryReg[tid]>>perceptrons[globalHistoryIdx].size()-i-1)
      |                                      ~~~~~~~~~~~~~~~~~~~~~~~~~~~~~~~~~~~~~~^~
build/X86/cpu/pred/perceptron.cc: In member function 'virtual void PerceptronBP::update(ThreadID, Addr, bool, void*, bool, const StaticInstPtr&, Addr)':
build/X86/cpu/pred/perceptron.cc:251:84: warning: suggest parentheses around '-' inside '>>' [-Wparentheses]
  251 |         int ghb = ((globalHistoryReg[tid] >> perceptrons[globalHistoryIdx].size()-i-1) & 1);
      |                                              ~~~~~~~~~~~~~~~~~~~~~~~~~~~~~~~~~~~~~~^~
 [    LINK]  -> X86/cpu/pred/lib.o.partial
 [    LINK]  -> X86/mem/ruby/protocol/lib.o.partial
 [     CXX] X86/base/date.cc -> .o
 [    LINK]  -> X86/gem5.opt
scons: done building targets.
*** Summary of Warnings ***
Warning: Your compiler doesn't support incremental linking and lto at the same
         time, so lto is being disabled. To force lto on anyway, use the
         --force-lto option. That will disable partial linking.
